<?xml version="1.0" encoding="UTF-8"?>
<!-- Generated by org.testng.reporters.JUnitReportReporter -->
<testsuite hostname="WIN-2C8N3BBE1O1" failures="0" tests="2" name="com.night.Appium.CheckoutOverview" time="21.470" errors="0" timestamp="2023-11-24T04:00:43 SGT" skipped="0">
  <testcase classname="com.night.Appium.CheckoutOverview" name="CheckoutOverviewTest" time="11.369"/>
  <system-out/>
  <testcase classname="com.night.Appium.CheckoutOverview" name="btnCancelOverview" time="10.101"/>
  <system-out/>
</testsuite> <!-- com.night.Appium.CheckoutOverview -->
