<?xml version="1.0" encoding="UTF-8"?>
<!-- Generated by org.testng.reporters.JUnitReportReporter -->
<testsuite hostname="WIN-2C8N3BBE1O1" failures="0" tests="1" name="com.night.Appium.BaseTest" time="11.656" errors="0" timestamp="2023-11-17T22:33:14 SGT" skipped="0">
  <testcase classname="com.night.Appium.BaseTest" name="login" time="11.656"/>
  <system-out/>
</testsuite> <!-- com.night.Appium.BaseTest -->
