<?xml version="1.0" encoding="UTF-8"?>
<!-- Generated by org.testng.reporters.JUnitReportReporter -->
<testsuite hostname="WIN-2C8N3BBE1O1" failures="0" tests="1" name="com.night.Appium.Longpress" time="6.680" errors="0" timestamp="2023-11-16T15:07:51 SGT" skipped="0">
  <testcase classname="com.night.Appium.Longpress" name="longpressTest" time="6.680"/>
  <system-out/>
</testsuite> <!-- com.night.Appium.Longpress -->
