<?xml version="1.0" encoding="UTF-8"?>
<!-- Generated by org.testng.reporters.JUnitReportReporter -->
<testsuite hostname="WIN-2C8N3BBE1O1" failures="0" tests="4" name="com.night.Appium.Filter" time="38.540" errors="0" timestamp="2023-11-24T04:00:43 SGT" skipped="0">
  <testcase classname="com.night.Appium.Filter" name="sortAtoZ" time="10.917"/>
  <system-out/>
  <testcase classname="com.night.Appium.Filter" name="sortZtoA" time="9.238"/>
  <system-out/>
  <testcase classname="com.night.Appium.Filter" name="PriceHightoLow" time="9.260"/>
  <system-out/>
  <testcase classname="com.night.Appium.Filter" name="PriceLowtoHigh" time="9.125"/>
  <system-out/>
</testsuite> <!-- com.night.Appium.Filter -->
