<?xml version="1.0" encoding="UTF-8"?>
<!-- Generated by org.testng.reporters.JUnitReportReporter -->
<testsuite hostname="WIN-2C8N3BBE1O1" failures="0" tests="1" name="com.night.Appium.AddtoCart" time="9.841" errors="0" timestamp="2023-11-24T04:00:43 SGT" skipped="0">
  <testcase classname="com.night.Appium.AddtoCart" name="AddtoCartTest" time="9.841"/>
  <system-out/>
</testsuite> <!-- com.night.Appium.AddtoCart -->
