<?xml version="1.0" encoding="UTF-8"?>
<!-- Generated by org.testng.reporters.JUnitReportReporter -->
<testsuite hostname="WIN-2C8N3BBE1O1" failures="0" tests="1" name="com.night.Appium.Base" time="5.643" errors="0" timestamp="2023-11-15T16:16:48 SGT" skipped="0">
  <testcase classname="com.night.Appium.Base" name="ConfigureAppium" time="5.643"/>
  <system-out/>
</testsuite> <!-- com.night.Appium.Base -->
