<?xml version="1.0" encoding="UTF-8"?>
<!-- Generated by org.testng.reporters.JUnitReportReporter -->
<testsuite hostname="WIN-2C8N3BBE1O1" failures="0" tests="8" name="com.night.Appium.CheckoutInfo" time="80.537" errors="0" timestamp="2023-11-24T04:00:43 SGT" skipped="0">
  <testcase classname="com.night.Appium.CheckoutInfo" name="Checkout" time="9.673"/>
  <system-out/>
  <testcase classname="com.night.Appium.CheckoutInfo" name="Checkout" time="9.888"/>
  <system-out/>
  <testcase classname="com.night.Appium.CheckoutInfo" name="CancelButton" time="10.254"/>
  <system-out/>
  <testcase classname="com.night.Appium.CheckoutInfo" name="Checkout" time="10.104"/>
  <system-out/>
  <testcase classname="com.night.Appium.CheckoutInfo" name="Checkout" time="9.929"/>
  <system-out/>
  <testcase classname="com.night.Appium.CheckoutInfo" name="Checkout" time="10.723"/>
  <system-out/>
  <testcase classname="com.night.Appium.CheckoutInfo" name="Checkout" time="9.935"/>
  <system-out/>
  <testcase classname="com.night.Appium.CheckoutInfo" name="Checkout" time="10.031"/>
  <system-out/>
</testsuite> <!-- com.night.Appium.CheckoutInfo -->
