<?xml version="1.0" encoding="UTF-8"?>
<!-- Generated by org.testng.reporters.JUnitReportReporter -->
<testsuite hostname="WIN-2C8N3BBE1O1" failures="0" tests="1" name="com.night.Appium.SetWifi" time="4.146" errors="0" timestamp="2023-11-16T14:36:43 SGT" skipped="0">
  <testcase classname="com.night.Appium.SetWifi" name="SetWIfi" time="4.146"/>
  <system-out/>
</testsuite> <!-- com.night.Appium.SetWifi -->
