<?xml version="1.0" encoding="UTF-8"?>
<!-- Generated by org.testng.reporters.JUnitReportReporter -->
<testsuite hostname="WIN-2C8N3BBE1O1" failures="0" tests="3" name="com.night.Appium.NegativeLoginPage" time="25.587" errors="0" timestamp="2023-11-24T04:00:43 SGT" skipped="0">
  <testcase classname="com.night.Appium.NegativeLoginPage" name="PositiveLoginTest1" time="8.493"/>
  <system-out/>
  <testcase classname="com.night.Appium.NegativeLoginPage" name="PositiveLoginTest1" time="8.582"/>
  <system-out/>
  <testcase classname="com.night.Appium.NegativeLoginPage" name="PositiveLoginTest1" time="8.512"/>
  <system-out/>
</testsuite> <!-- com.night.Appium.NegativeLoginPage -->
