<?xml version="1.0" encoding="UTF-8"?>
<!-- Generated by org.testng.reporters.JUnitReportReporter -->
<testsuite hostname="WIN-2C8N3BBE1O1" failures="0" tests="3" name="com.night.Appium.RemovetoCart" time="33.558" errors="0" timestamp="2023-11-24T04:00:43 SGT" skipped="0">
  <testcase classname="com.night.Appium.RemovetoCart" name="Checkout" time="9.625"/>
  <system-out/>
  <testcase classname="com.night.Appium.RemovetoCart" name="Remove" time="15.266"/>
  <system-out/>
  <testcase classname="com.night.Appium.RemovetoCart" name="ContinueShopping" time="8.667"/>
  <system-out/>
</testsuite> <!-- com.night.Appium.RemovetoCart -->
